E, [2014-09-24T10:34:38.121378 #49815] ERROR -- Kitchen: ------Exception-------
E, [2014-09-24T10:34:38.121460 #49815] ERROR -- Kitchen: Class: Kitchen::UserError
E, [2014-09-24T10:34:38.121483 #49815] ERROR -- Kitchen: Message: Kitchen YAML file /Users/stephen/dev/chef_rubies/.kitchen.yml does not exist.
E, [2014-09-24T10:34:38.121503 #49815] ERROR -- Kitchen: ------Backtrace-------
E, [2014-09-24T10:34:38.121534 #49815] ERROR -- Kitchen: /opt/chefdk/embedded/apps/test-kitchen/lib/kitchen/loader/yaml.rb:74:in `read'
E, [2014-09-24T10:34:38.121554 #49815] ERROR -- Kitchen: /opt/chefdk/embedded/apps/test-kitchen/lib/kitchen/config.rb:78:in `data'
E, [2014-09-24T10:34:38.121582 #49815] ERROR -- Kitchen: /opt/chefdk/embedded/apps/test-kitchen/lib/kitchen/config.rb:66:in `suites'
E, [2014-09-24T10:34:38.121601 #49815] ERROR -- Kitchen: /opt/chefdk/embedded/apps/test-kitchen/lib/kitchen/config.rb:90:in `filter_instances'
E, [2014-09-24T10:34:38.121619 #49815] ERROR -- Kitchen: /opt/chefdk/embedded/apps/test-kitchen/lib/kitchen/config.rb:72:in `build_instances'
E, [2014-09-24T10:34:38.121637 #49815] ERROR -- Kitchen: /opt/chefdk/embedded/apps/test-kitchen/lib/kitchen/config.rb:52:in `instances'
E, [2014-09-24T10:34:38.123210 #49815] ERROR -- Kitchen: /opt/chefdk/embedded/apps/test-kitchen/lib/kitchen/command.rb:64:in `get_filtered_instances'
E, [2014-09-24T10:34:38.123237 #49815] ERROR -- Kitchen: /opt/chefdk/embedded/apps/test-kitchen/lib/kitchen/command.rb:85:in `parse_subcommand'
E, [2014-09-24T10:34:38.123256 #49815] ERROR -- Kitchen: /opt/chefdk/embedded/apps/test-kitchen/lib/kitchen/command/list.rb:31:in `call'
E, [2014-09-24T10:34:38.123287 #49815] ERROR -- Kitchen: /opt/chefdk/embedded/apps/test-kitchen/lib/kitchen/cli.rb:47:in `perform'
E, [2014-09-24T10:34:38.123305 #49815] ERROR -- Kitchen: /opt/chefdk/embedded/apps/test-kitchen/lib/kitchen/cli.rb:81:in `list'
E, [2014-09-24T10:34:38.123323 #49815] ERROR -- Kitchen: /opt/chefdk/embedded/lib/ruby/gems/2.1.0/gems/thor-0.19.1/lib/thor/command.rb:27:in `run'
E, [2014-09-24T10:34:38.123341 #49815] ERROR -- Kitchen: /opt/chefdk/embedded/lib/ruby/gems/2.1.0/gems/thor-0.19.1/lib/thor/invocation.rb:126:in `invoke_command'
E, [2014-09-24T10:34:38.123359 #49815] ERROR -- Kitchen: /opt/chefdk/embedded/apps/test-kitchen/lib/kitchen/cli.rb:233:in `invoke_task'
E, [2014-09-24T10:34:38.123377 #49815] ERROR -- Kitchen: /opt/chefdk/embedded/lib/ruby/gems/2.1.0/gems/thor-0.19.1/lib/thor.rb:359:in `dispatch'
E, [2014-09-24T10:34:38.123394 #49815] ERROR -- Kitchen: /opt/chefdk/embedded/lib/ruby/gems/2.1.0/gems/thor-0.19.1/lib/thor/base.rb:440:in `start'
E, [2014-09-24T10:34:38.123423 #49815] ERROR -- Kitchen: /opt/chefdk/embedded/apps/test-kitchen/bin/kitchen:13:in `block in <top (required)>'
E, [2014-09-24T10:34:38.123441 #49815] ERROR -- Kitchen: /opt/chefdk/embedded/apps/test-kitchen/lib/kitchen/errors.rb:81:in `with_friendly_errors'
E, [2014-09-24T10:34:38.123459 #49815] ERROR -- Kitchen: /opt/chefdk/embedded/apps/test-kitchen/bin/kitchen:13:in `<top (required)>'
E, [2014-09-24T10:34:38.123477 #49815] ERROR -- Kitchen: /opt/chefdk/bin/kitchen:10:in `load'
E, [2014-09-24T10:34:38.123494 #49815] ERROR -- Kitchen: /opt/chefdk/bin/kitchen:10:in `<main>'
E, [2014-09-24T10:34:38.123512 #49815] ERROR -- Kitchen: ----------------------
